<?xml version="1.0" encoding="UTF-8"?>
<!-- Generated by org.testng.reporters.JUnitXMLReporter -->
<testsuite ignored="0" hostname="Karuna-Temp85" failures="0" tests="16" name="Test1" time="0.402" errors="0" timestamp="05 Jul 2023 07:30:34 GMT">
  <testcase classname="com.qa.servicemanagementproject.Base" name="@BeforeMethod intializeBrowser" time="0.0">
    <failure type="org.testng.TestNGException" message="
Parameter &amp;apos;browser&amp;apos; is required by BeforeMethod on method intializeBrowser but has not been marked @Optional or defined
in C:\Users\aser\git\Project_ServiceManagement\Project_ServiceManagement\Parellel.xml">
      <![CDATA[org.testng.TestNGException: 
Parameter 'browser' is required by BeforeMethod on method intializeBrowser but has not been marked @Optional or defined
in C:\Users\aser\git\Project_ServiceManagement\Project_ServiceManagement\Parellel.xml
... Removed 25 stack frames]]>
    </failure>
  </testcase> <!-- @BeforeMethod intializeBrowser -->
  <testcase classname="com.qa.servicemanagementproject.Base" name="@AfterMethod browserQuit" time="0.0">
    <skipped/>
  </testcase> <!-- @AfterMethod browserQuit -->
  <testcase classname="com.qa.servicemanagementproject.Base" name="@BeforeMethod intializeBrowser" time="0.0">
    <failure type="org.testng.TestNGException" message="
Parameter &amp;apos;browser&amp;apos; is required by BeforeMethod on method intializeBrowser but has not been marked @Optional or defined
in C:\Users\aser\git\Project_ServiceManagement\Project_ServiceManagement\Parellel.xml">
      <![CDATA[org.testng.TestNGException: 
Parameter 'browser' is required by BeforeMethod on method intializeBrowser but has not been marked @Optional or defined
in C:\Users\aser\git\Project_ServiceManagement\Project_ServiceManagement\Parellel.xml
... Removed 25 stack frames]]>
    </failure>
  </testcase> <!-- @BeforeMethod intializeBrowser -->
  <testcase classname="com.qa.servicemanagementproject.Base" name="@AfterMethod browserQuit" time="0.0">
    <skipped/>
  </testcase> <!-- @AfterMethod browserQuit -->
  <testcase classname="com.qa.servicemanagementproject.Base" name="@BeforeMethod intializeBrowser" time="0.0">
    <failure type="org.testng.TestNGException" message="
Parameter &amp;apos;browser&amp;apos; is required by BeforeMethod on method intializeBrowser but has not been marked @Optional or defined
in C:\Users\aser\git\Project_ServiceManagement\Project_ServiceManagement\Parellel.xml">
      <![CDATA[org.testng.TestNGException: 
Parameter 'browser' is required by BeforeMethod on method intializeBrowser but has not been marked @Optional or defined
in C:\Users\aser\git\Project_ServiceManagement\Project_ServiceManagement\Parellel.xml
... Removed 25 stack frames]]>
    </failure>
  </testcase> <!-- @BeforeMethod intializeBrowser -->
  <testcase classname="com.qa.servicemanagementproject.Base" name="@AfterMethod browserQuit" time="0.0">
    <skipped/>
  </testcase> <!-- @AfterMethod browserQuit -->
  <testcase classname="com.qa.servicemanagementproject.Base" name="@BeforeMethod intializeBrowser" time="0.0">
    <failure type="org.testng.TestNGException" message="
Parameter &amp;apos;browser&amp;apos; is required by BeforeMethod on method intializeBrowser but has not been marked @Optional or defined
in C:\Users\aser\git\Project_ServiceManagement\Project_ServiceManagement\Parellel.xml">
      <![CDATA[org.testng.TestNGException: 
Parameter 'browser' is required by BeforeMethod on method intializeBrowser but has not been marked @Optional or defined
in C:\Users\aser\git\Project_ServiceManagement\Project_ServiceManagement\Parellel.xml
... Removed 25 stack frames]]>
    </failure>
  </testcase> <!-- @BeforeMethod intializeBrowser -->
  <testcase classname="com.qa.servicemanagementproject.Base" name="@AfterMethod browserQuit" time="0.0">
    <skipped/>
  </testcase> <!-- @AfterMethod browserQuit -->
  <testcase classname="com.qa.servicemanagementproject.Base" name="@BeforeMethod intializeBrowser" time="0.0">
    <failure type="org.testng.TestNGException" message="
Parameter &amp;apos;browser&amp;apos; is required by BeforeMethod on method intializeBrowser but has not been marked @Optional or defined
in C:\Users\aser\git\Project_ServiceManagement\Project_ServiceManagement\Parellel.xml">
      <![CDATA[org.testng.TestNGException: 
Parameter 'browser' is required by BeforeMethod on method intializeBrowser but has not been marked @Optional or defined
in C:\Users\aser\git\Project_ServiceManagement\Project_ServiceManagement\Parellel.xml
... Removed 25 stack frames]]>
    </failure>
  </testcase> <!-- @BeforeMethod intializeBrowser -->
  <testcase classname="com.qa.servicemanagementproject.Base" name="@AfterMethod browserQuit" time="0.0">
    <skipped/>
  </testcase> <!-- @AfterMethod browserQuit -->
  <testcase classname="com.qa.servicemanagementproject.Base" name="@BeforeMethod intializeBrowser" time="0.0">
    <failure type="org.testng.TestNGException" message="
Parameter &amp;apos;browser&amp;apos; is required by BeforeMethod on method intializeBrowser but has not been marked @Optional or defined
in C:\Users\aser\git\Project_ServiceManagement\Project_ServiceManagement\Parellel.xml">
      <![CDATA[org.testng.TestNGException: 
Parameter 'browser' is required by BeforeMethod on method intializeBrowser but has not been marked @Optional or defined
in C:\Users\aser\git\Project_ServiceManagement\Project_ServiceManagement\Parellel.xml
... Removed 25 stack frames]]>
    </failure>
  </testcase> <!-- @BeforeMethod intializeBrowser -->
  <testcase classname="com.qa.servicemanagementproject.Base" name="@AfterMethod browserQuit" time="0.0">
    <skipped/>
  </testcase> <!-- @AfterMethod browserQuit -->
  <testcase classname="com.qa.servicemanagementproject.Base" name="@BeforeMethod intializeBrowser" time="0.0">
    <failure type="org.testng.TestNGException" message="
Parameter &amp;apos;browser&amp;apos; is required by BeforeMethod on method intializeBrowser but has not been marked @Optional or defined
in C:\Users\aser\git\Project_ServiceManagement\Project_ServiceManagement\Parellel.xml">
      <![CDATA[org.testng.TestNGException: 
Parameter 'browser' is required by BeforeMethod on method intializeBrowser but has not been marked @Optional or defined
in C:\Users\aser\git\Project_ServiceManagement\Project_ServiceManagement\Parellel.xml
... Removed 25 stack frames]]>
    </failure>
  </testcase> <!-- @BeforeMethod intializeBrowser -->
  <testcase classname="com.qa.servicemanagementproject.Base" name="@AfterMethod browserQuit" time="0.0">
    <skipped/>
  </testcase> <!-- @AfterMethod browserQuit -->
  <testcase classname="com.qa.servicemanagementproject.Base" name="@BeforeMethod intializeBrowser" time="0.0">
    <failure type="org.testng.TestNGException" message="
Parameter &amp;apos;browser&amp;apos; is required by BeforeMethod on method intializeBrowser but has not been marked @Optional or defined
in C:\Users\aser\git\Project_ServiceManagement\Project_ServiceManagement\Parellel.xml">
      <![CDATA[org.testng.TestNGException: 
Parameter 'browser' is required by BeforeMethod on method intializeBrowser but has not been marked @Optional or defined
in C:\Users\aser\git\Project_ServiceManagement\Project_ServiceManagement\Parellel.xml
... Removed 25 stack frames]]>
    </failure>
  </testcase> <!-- @BeforeMethod intializeBrowser -->
  <testcase classname="com.qa.servicemanagementproject.Base" name="@AfterMethod browserQuit" time="0.0">
    <skipped/>
  </testcase> <!-- @AfterMethod browserQuit -->
  <testcase classname="com.qa.servicemanagementproject.Base" name="@BeforeMethod intializeBrowser" time="0.0">
    <failure type="org.testng.TestNGException" message="
Parameter &amp;apos;browser&amp;apos; is required by BeforeMethod on method intializeBrowser but has not been marked @Optional or defined
in C:\Users\aser\git\Project_ServiceManagement\Project_ServiceManagement\Parellel.xml">
      <![CDATA[org.testng.TestNGException: 
Parameter 'browser' is required by BeforeMethod on method intializeBrowser but has not been marked @Optional or defined
in C:\Users\aser\git\Project_ServiceManagement\Project_ServiceManagement\Parellel.xml
... Removed 25 stack frames]]>
    </failure>
  </testcase> <!-- @BeforeMethod intializeBrowser -->
  <testcase classname="com.qa.servicemanagementproject.Base" name="@AfterMethod browserQuit" time="0.0">
    <skipped/>
  </testcase> <!-- @AfterMethod browserQuit -->
  <testcase classname="com.qa.servicemanagementproject.Base" name="@BeforeMethod intializeBrowser" time="0.0">
    <failure type="org.testng.TestNGException" message="
Parameter &amp;apos;browser&amp;apos; is required by BeforeMethod on method intializeBrowser but has not been marked @Optional or defined
in C:\Users\aser\git\Project_ServiceManagement\Project_ServiceManagement\Parellel.xml">
      <![CDATA[org.testng.TestNGException: 
Parameter 'browser' is required by BeforeMethod on method intializeBrowser but has not been marked @Optional or defined
in C:\Users\aser\git\Project_ServiceManagement\Project_ServiceManagement\Parellel.xml
... Removed 25 stack frames]]>
    </failure>
  </testcase> <!-- @BeforeMethod intializeBrowser -->
  <testcase classname="com.qa.servicemanagementproject.Base" name="@AfterMethod browserQuit" time="0.0">
    <skipped/>
  </testcase> <!-- @AfterMethod browserQuit -->
  <testcase classname="com.qa.servicemanagementproject.Base" name="@BeforeMethod intializeBrowser" time="0.0">
    <failure type="org.testng.TestNGException" message="
Parameter &amp;apos;browser&amp;apos; is required by BeforeMethod on method intializeBrowser but has not been marked @Optional or defined
in C:\Users\aser\git\Project_ServiceManagement\Project_ServiceManagement\Parellel.xml">
      <![CDATA[org.testng.TestNGException: 
Parameter 'browser' is required by BeforeMethod on method intializeBrowser but has not been marked @Optional or defined
in C:\Users\aser\git\Project_ServiceManagement\Project_ServiceManagement\Parellel.xml
... Removed 25 stack frames]]>
    </failure>
  </testcase> <!-- @BeforeMethod intializeBrowser -->
  <testcase classname="com.qa.servicemanagementproject.Base" name="@AfterMethod browserQuit" time="0.0">
    <skipped/>
  </testcase> <!-- @AfterMethod browserQuit -->
  <testcase classname="com.qa.servicemanagementproject.Base" name="@BeforeMethod intializeBrowser" time="0.0">
    <failure type="org.testng.TestNGException" message="
Parameter &amp;apos;browser&amp;apos; is required by BeforeMethod on method intializeBrowser but has not been marked @Optional or defined
in C:\Users\aser\git\Project_ServiceManagement\Project_ServiceManagement\Parellel.xml">
      <![CDATA[org.testng.TestNGException: 
Parameter 'browser' is required by BeforeMethod on method intializeBrowser but has not been marked @Optional or defined
in C:\Users\aser\git\Project_ServiceManagement\Project_ServiceManagement\Parellel.xml
... Removed 25 stack frames]]>
    </failure>
  </testcase> <!-- @BeforeMethod intializeBrowser -->
  <testcase classname="com.qa.servicemanagementproject.Base" name="@AfterMethod browserQuit" time="0.0">
    <skipped/>
  </testcase> <!-- @AfterMethod browserQuit -->
  <testcase classname="com.qa.servicemanagementproject.Base" name="@BeforeMethod intializeBrowser" time="0.0">
    <failure type="org.testng.TestNGException" message="
Parameter &amp;apos;browser&amp;apos; is required by BeforeMethod on method intializeBrowser but has not been marked @Optional or defined
in C:\Users\aser\git\Project_ServiceManagement\Project_ServiceManagement\Parellel.xml">
      <![CDATA[org.testng.TestNGException: 
Parameter 'browser' is required by BeforeMethod on method intializeBrowser but has not been marked @Optional or defined
in C:\Users\aser\git\Project_ServiceManagement\Project_ServiceManagement\Parellel.xml
... Removed 25 stack frames]]>
    </failure>
  </testcase> <!-- @BeforeMethod intializeBrowser -->
  <testcase classname="com.qa.servicemanagementproject.Base" name="@AfterMethod browserQuit" time="0.0">
    <skipped/>
  </testcase> <!-- @AfterMethod browserQuit -->
  <testcase classname="com.qa.servicemanagementproject.Base" name="@BeforeMethod intializeBrowser" time="0.0">
    <failure type="org.testng.TestNGException" message="
Parameter &amp;apos;browser&amp;apos; is required by BeforeMethod on method intializeBrowser but has not been marked @Optional or defined
in C:\Users\aser\git\Project_ServiceManagement\Project_ServiceManagement\Parellel.xml">
      <![CDATA[org.testng.TestNGException: 
Parameter 'browser' is required by BeforeMethod on method intializeBrowser but has not been marked @Optional or defined
in C:\Users\aser\git\Project_ServiceManagement\Project_ServiceManagement\Parellel.xml
... Removed 25 stack frames]]>
    </failure>
  </testcase> <!-- @BeforeMethod intializeBrowser -->
  <testcase classname="com.qa.servicemanagementproject.Base" name="@AfterMethod browserQuit" time="0.0">
    <skipped/>
  </testcase> <!-- @AfterMethod browserQuit -->
  <testcase classname="com.qa.servicemanagementproject.Base" name="@BeforeMethod intializeBrowser" time="0.0">
    <failure type="org.testng.TestNGException" message="
Parameter &amp;apos;browser&amp;apos; is required by BeforeMethod on method intializeBrowser but has not been marked @Optional or defined
in C:\Users\aser\git\Project_ServiceManagement\Project_ServiceManagement\Parellel.xml">
      <![CDATA[org.testng.TestNGException: 
Parameter 'browser' is required by BeforeMethod on method intializeBrowser but has not been marked @Optional or defined
in C:\Users\aser\git\Project_ServiceManagement\Project_ServiceManagement\Parellel.xml
... Removed 25 stack frames]]>
    </failure>
  </testcase> <!-- @BeforeMethod intializeBrowser -->
  <testcase classname="com.qa.servicemanagementproject.Base" name="@AfterMethod browserQuit" time="0.0">
    <skipped/>
  </testcase> <!-- @AfterMethod browserQuit -->
  <testcase classname="com.qa.servicemanagementproject.Base" name="@BeforeMethod intializeBrowser" time="0.0">
    <failure type="org.testng.TestNGException" message="
Parameter &amp;apos;browser&amp;apos; is required by BeforeMethod on method intializeBrowser but has not been marked @Optional or defined
in C:\Users\aser\git\Project_ServiceManagement\Project_ServiceManagement\Parellel.xml">
      <![CDATA[org.testng.TestNGException: 
Parameter 'browser' is required by BeforeMethod on method intializeBrowser but has not been marked @Optional or defined
in C:\Users\aser\git\Project_ServiceManagement\Project_ServiceManagement\Parellel.xml
... Removed 25 stack frames]]>
    </failure>
  </testcase> <!-- @BeforeMethod intializeBrowser -->
  <testcase classname="com.qa.servicemanagementproject.Base" name="@AfterMethod browserQuit" time="0.0">
    <skipped/>
  </testcase> <!-- @AfterMethod browserQuit -->
  <testcase classname="com.qa.testscripts.HomePageTest" name="quantityAlerts" time="0.0">
    <skipped/>
  </testcase> <!-- quantityAlerts -->
  <testcase classname="com.qa.testscripts.HomePageTest" name="verifyNavigateToAddClient" time="0.0">
    <skipped/>
  </testcase> <!-- verifyNavigateToAddClient -->
  <testcase classname="com.qa.testscripts.HomePageTest" name="verifyNavigateToAddReparation" time="0.0">
    <skipped/>
  </testcase> <!-- verifyNavigateToAddReparation -->
  <testcase classname="com.qa.testscripts.HomePageTest" name="verifyNavigateToSendEmail" time="0.0">
    <skipped/>
  </testcase> <!-- verifyNavigateToSendEmail -->
  <testcase classname="com.qa.testscripts.HomePageTest" name="verifyNavigateToSendSms" time="0.0">
    <skipped/>
  </testcase> <!-- verifyNavigateToSendSms -->
  <testcase classname="com.qa.testscripts.AddReperationTest" name="verifyUserIsAbleToAddReperation" time="0.0">
    <skipped/>
  </testcase> <!-- verifyUserIsAbleToAddReperation -->
  <testcase classname="com.qa.testscripts.AddClientTest" name="addClientDetailsWithoutClientName" time="0.0">
    <skipped/>
  </testcase> <!-- addClientDetailsWithoutClientName -->
  <testcase classname="com.qa.testscripts.AddClientTest" name="verifyUserAbletoAddClientDetails" time="0.0">
    <skipped/>
  </testcase> <!-- verifyUserAbletoAddClientDetails -->
  <testcase classname="com.qa.testscripts.ForgotPassWordTest" name="verifyUserIsAbleToChangePassword" time="0.0">
    <skipped/>
  </testcase> <!-- verifyUserIsAbleToChangePassword -->
  <testcase classname="com.qa.testscripts.SendSmsTest" name="sendingSms" time="0.0">
    <skipped/>
  </testcase> <!-- sendingSms -->
  <testcase classname="com.qa.testscripts.SendEmailTest" name="verifyUserIsAbleToSendingEmail" time="0.0">
    <skipped/>
  </testcase> <!-- verifyUserIsAbleToSendingEmail -->
  <testcase classname="com.qa.testscripts.LoginTest" name="verifyLoginCredentials" time="0.0">
    <skipped/>
  </testcase> <!-- verifyLoginCredentials -->
  <testcase classname="com.qa.testscripts.LoginTest" name="verifyUserisAbletoLogout" time="0.0">
    <skipped/>
  </testcase> <!-- verifyUserisAbletoLogout -->
  <testcase classname="com.qa.testscripts.QuantityAlertTest" name="checkNoOfData" time="0.0">
    <skipped/>
  </testcase> <!-- checkNoOfData -->
  <testcase classname="com.qa.testscripts.InventoryProductTest" name="deleteInventoryProducts" time="0.0">
    <skipped/>
  </testcase> <!-- deleteInventoryProducts -->
  <testcase classname="com.qa.testscripts.QuickEmailTest" name="verifyUserIsAbleToSendQuickEmail" time="0.0">
    <skipped/>
  </testcase> <!-- verifyUserIsAbleToSendQuickEmail -->
</testsuite> <!-- Test1 -->
