<?xml version="1.0" encoding="UTF-8"?>
<!-- Generated by org.testng.reporters.JUnitXMLReporter -->
<testsuite ignored="0" hostname="Karuna-Temp85" failures="1" tests="1" name="Test" time="75.25" errors="0" timestamp="30 Jun 2023 12:28:51 GMT">
  <testcase classname="com.qa.testscripts.InventoryProductTest" name="deleteInventoryProducts" time="35.418">
    <failure type="java.lang.AssertionError" message="Test Failed expected [55] but found [55]">
      <![CDATA[java.lang.AssertionError: Test Failed expected [55] but found [55]
at com.qa.testscripts.InventoryProductTest.deleteInventoryProducts(InventoryProductTest.java:32)
... Removed 33 stack frames]]>
    </failure>
  </testcase> <!-- deleteInventoryProducts -->
</testsuite> <!-- Test -->
